D:\USERS\SCOTT.EMERY\DESKTOP\FREEGLUTPHYSX(FINAL)\DEBUG\FREEGLUTPHYSX.EXE
D:\USERS\SCOTT.EMERY\DESKTOP\FREEGLUTPHYSX(FINAL)\DEBUG\FREEGLUTPHYSX.ILK
D:\USERS\SCOTT.EMERY\DESKTOP\FREEGLUTPHYSX(FINAL)\DEBUG\FREEGLUTPHYSX.PDB
D:\Users\scott.emery\Desktop\FreeGlutPhysX(Final)\FreeGlutPhysX\Debug\cl.command.1.tlog
D:\Users\scott.emery\Desktop\FreeGlutPhysX(Final)\FreeGlutPhysX\Debug\CL.read.1.tlog
D:\Users\scott.emery\Desktop\FreeGlutPhysX(Final)\FreeGlutPhysX\Debug\CL.write.1.tlog
D:\USERS\SCOTT.EMERY\DESKTOP\FREEGLUTPHYSX(FINAL)\FREEGLUTPHYSX\DEBUG\CUBECLASS.OBJ
D:\USERS\SCOTT.EMERY\DESKTOP\FREEGLUTPHYSX(FINAL)\FREEGLUTPHYSX\DEBUG\FREEGLUTPHYSX.EXE.EMBED.MANIFEST
D:\USERS\SCOTT.EMERY\DESKTOP\FREEGLUTPHYSX(FINAL)\FREEGLUTPHYSX\DEBUG\FREEGLUTPHYSX.EXE.EMBED.MANIFEST.RES
D:\USERS\SCOTT.EMERY\DESKTOP\FREEGLUTPHYSX(FINAL)\FREEGLUTPHYSX\DEBUG\FREEGLUTPHYSX.EXE.INTERMEDIATE.MANIFEST
D:\Users\scott.emery\Desktop\FreeGlutPhysX(Final)\FreeGlutPhysX\Debug\FreeGlutPhysX_manifest.rc
D:\USERS\SCOTT.EMERY\DESKTOP\FREEGLUTPHYSX(FINAL)\FREEGLUTPHYSX\DEBUG\GAME.OBJ
D:\USERS\SCOTT.EMERY\DESKTOP\FREEGLUTPHYSX(FINAL)\FREEGLUTPHYSX\DEBUG\KEYBOARDCLASS.OBJ
D:\Users\scott.emery\Desktop\FreeGlutPhysX(Final)\FreeGlutPhysX\Debug\link.3108.read.1.tlog
D:\Users\scott.emery\Desktop\FreeGlutPhysX(Final)\FreeGlutPhysX\Debug\link.3108.write.1.tlog
D:\Users\scott.emery\Desktop\FreeGlutPhysX(Final)\FreeGlutPhysX\Debug\link.3108-cvtres.read.1.tlog
D:\Users\scott.emery\Desktop\FreeGlutPhysX(Final)\FreeGlutPhysX\Debug\link.3108-cvtres.write.1.tlog
D:\Users\scott.emery\Desktop\FreeGlutPhysX(Final)\FreeGlutPhysX\Debug\link.command.1.tlog
D:\Users\scott.emery\Desktop\FreeGlutPhysX(Final)\FreeGlutPhysX\Debug\link.read.1.tlog
D:\Users\scott.emery\Desktop\FreeGlutPhysX(Final)\FreeGlutPhysX\Debug\link.write.1.tlog
D:\Users\scott.emery\Desktop\FreeGlutPhysX(Final)\FreeGlutPhysX\Debug\link-cvtres.read.1.tlog
D:\Users\scott.emery\Desktop\FreeGlutPhysX(Final)\FreeGlutPhysX\Debug\link-cvtres.write.1.tlog
D:\USERS\SCOTT.EMERY\DESKTOP\FREEGLUTPHYSX(FINAL)\FREEGLUTPHYSX\DEBUG\MAIN.OBJ
D:\USERS\SCOTT.EMERY\DESKTOP\FREEGLUTPHYSX(FINAL)\FREEGLUTPHYSX\DEBUG\MOUSECLASS.OBJ
D:\Users\scott.emery\Desktop\FreeGlutPhysX(Final)\FreeGlutPhysX\Debug\mt.command.1.tlog
D:\Users\scott.emery\Desktop\FreeGlutPhysX(Final)\FreeGlutPhysX\Debug\mt.read.1.tlog
D:\Users\scott.emery\Desktop\FreeGlutPhysX(Final)\FreeGlutPhysX\Debug\mt.write.1.tlog
D:\USERS\SCOTT.EMERY\DESKTOP\FREEGLUTPHYSX(FINAL)\FREEGLUTPHYSX\DEBUG\PHYSXCLASS.OBJ
D:\Users\scott.emery\Desktop\FreeGlutPhysX(Final)\FreeGlutPhysX\Debug\rc.command.1.tlog
D:\Users\scott.emery\Desktop\FreeGlutPhysX(Final)\FreeGlutPhysX\Debug\rc.read.1.tlog
D:\Users\scott.emery\Desktop\FreeGlutPhysX(Final)\FreeGlutPhysX\Debug\rc.write.1.tlog
D:\USERS\SCOTT.EMERY\DESKTOP\FREEGLUTPHYSX(FINAL)\FREEGLUTPHYSX\DEBUG\RENDERCLASS.OBJ
D:\Users\scott.emery\Desktop\FreeGlutPhysX(Final)\FreeGlutPhysX\Debug\vc100.idb
D:\USERS\SCOTT.EMERY\DESKTOP\FREEGLUTPHYSX(FINAL)\FREEGLUTPHYSX\DEBUG\VC100.PDB
