Build started 30/09/2013 11:34:11 a.m..
     1>Project "E:\Second Year Software Engineering\summatives this term\FreeGlutPhysX(Final)\FreeGlutPhysX\FreeGlutPhysX.vcxproj" on node 2 (build target(s)).
     1>InitializeBuildStatus:
         Creating "Debug\FreeGlutPhysX.unsuccessfulbuild" because "AlwaysCreate" was specified.
       ClCompile:
         C:\Program Files (x86)\Microsoft Visual Studio 10.0\VC\bin\CL.exe /c /ZI /nologo /W3 /WX- /Od /Oy- /D WIN32 /D _DEBUG /D _CONSOLE /D _UNICODE /D UNICODE /Gm /EHsc /RTC1 /MDd /GS /fp:precise /Zc:wchar_t /Zc:forScope /Fo"Debug\\" /Fd"Debug\vc100.pdb" /Gd /TP /analyze- /errorReport:prompt CubeClass.cpp KeyBoardClass.cpp main.cpp Game.cpp MouseClass.cpp PhysXClass.cpp RenderClass.cpp
         RenderClass.cpp
     1>e:\second year software engineering\summatives this term\freeglutphysx(final)\freeglutphysx\renderclass.h(14): fatal error C1083: Cannot open include file: 'GL/glut.h': No such file or directory
         PhysXClass.cpp
     1>e:\second year software engineering\summatives this term\freeglutphysx(final)\freeglutphysx\physxclass.h(14): fatal error C1083: Cannot open include file: 'PxPhysicsAPI.h': No such file or directory
         MouseClass.cpp
     1>e:\second year software engineering\summatives this term\freeglutphysx(final)\freeglutphysx\mouseclass.h(14): fatal error C1083: Cannot open include file: 'GL/glut.h': No such file or directory
         Game.cpp
     1>e:\second year software engineering\summatives this term\freeglutphysx(final)\freeglutphysx\renderclass.h(14): fatal error C1083: Cannot open include file: 'GL/glut.h': No such file or directory
         main.cpp
     1>e:\second year software engineering\summatives this term\freeglutphysx(final)\freeglutphysx\main.cpp(17): fatal error C1083: Cannot open include file: 'GL/glut.h': No such file or directory
         KeyBoardClass.cpp
     1>e:\second year software engineering\summatives this term\freeglutphysx(final)\freeglutphysx\keyboardclass.h(14): fatal error C1083: Cannot open include file: 'GL/glut.h': No such file or directory
         CubeClass.cpp
     1>e:\second year software engineering\summatives this term\freeglutphysx(final)\freeglutphysx\cubeclass.h(5): fatal error C1083: Cannot open include file: 'GL/glut.h': No such file or directory
         Generating Code...
     1>Done Building Project "E:\Second Year Software Engineering\summatives this term\FreeGlutPhysX(Final)\FreeGlutPhysX\FreeGlutPhysX.vcxproj" (build target(s)) -- FAILED.

Build FAILED.

Time Elapsed 00:00:02.82
